<?xml version="1.0" encoding="UTF-8"?>
<!-- Generated by org.testng.reporters.JUnitReportReporter -->
<testsuite hostname="DESKTOP-V5T26LM" failures="0" tests="1" name="com.sauceDemo.TestPackage.TC01_TestLoginPageProg" time="17.847" errors="0" timestamp="2023-01-04T13:28:48 IST" skipped="0">
  <testcase classname="com.sauceDemo.TestPackage.TC01_TestLoginPageProg" name="testLoginPageProg" time="17.847"/>
  <system-out/>
</testsuite> <!-- com.sauceDemo.TestPackage.TC01_TestLoginPageProg -->
