<?xml version="1.0" encoding="UTF-8"?>
<!-- Generated by org.testng.reporters.JUnitReportReporter -->
<testsuite hostname="DESKTOP-V5T26LM" failures="0" tests="1" name="com.sauceDemo.TestPackage.TC03_TestSingleAddToCartProg" time="13.157" errors="0" timestamp="2023-01-04T13:28:48 IST" skipped="0">
  <testcase classname="com.sauceDemo.TestPackage.TC03_TestSingleAddToCartProg" name="testSingleAddToCartProg" time="13.157"/>
  <system-out/>
</testsuite> <!-- com.sauceDemo.TestPackage.TC03_TestSingleAddToCartProg -->
