<?xml version="1.0" encoding="UTF-8"?>
<!-- Generated by org.testng.reporters.JUnitReportReporter -->
<testsuite hostname="DESKTOP-V5T26LM" failures="0" tests="1" name="com.sauceDemo.TestPackage.TC04_TestAllAddToCartProdProg" time="14.920" errors="0" timestamp="2023-01-04T13:28:48 IST" skipped="0">
  <testcase classname="com.sauceDemo.TestPackage.TC04_TestAllAddToCartProdProg" name="testAllAddToCartProdProg" time="14.920"/>
  <system-out/>
</testsuite> <!-- com.sauceDemo.TestPackage.TC04_TestAllAddToCartProdProg -->
